Using pre-set license
Built from '2022.3/staging' branch; Version is '2022.3.9f1 (ea401c316338) revision 15351836'; Using compiler version '192829333'; Build Type 'Release'
OS: 'Windows 10  (10.0.19045) 64bit Professional' Language: 'fr' Physical Memory: 24510 MB
BatchMode: 1, IsHumanControllingUs: 0, StartBugReporterOnCrash: 0, Is64bit: 1, IsPro: 1

COMMAND LINE ARGUMENTS:
D:\Program Files\Unity\Hub\Editor\2022.3.9f1\Editor\Unity.exe
-adb2
-batchMode
-noUpm
-name
AssetImportWorker2
-projectPath
D:/Github/HAI935I_Vision_Realite_virtuelle_et_augmentee/TP - Unity/TP - AR
-logFile
Logs/AssetImportWorker2.log
-srvPort
52702
Successfully changed project path to: D:/Github/HAI935I_Vision_Realite_virtuelle_et_augmentee/TP - Unity/TP - AR
D:/Github/HAI935I_Vision_Realite_virtuelle_et_augmentee/TP - Unity/TP - AR
[UnityMemory] Configuration Parameters - Can be set up in boot.config
    "memorysetup-bucket-allocator-granularity=16"
    "memorysetup-bucket-allocator-bucket-count=8"
    "memorysetup-bucket-allocator-block-size=33554432"
    "memorysetup-bucket-allocator-block-count=8"
    "memorysetup-main-allocator-block-size=16777216"
    "memorysetup-thread-allocator-block-size=16777216"
    "memorysetup-gfx-main-allocator-block-size=16777216"
    "memorysetup-gfx-thread-allocator-block-size=16777216"
    "memorysetup-cache-allocator-block-size=4194304"
    "memorysetup-typetree-allocator-block-size=2097152"
    "memorysetup-profiler-bucket-allocator-granularity=16"
    "memorysetup-profiler-bucket-allocator-bucket-count=8"
    "memorysetup-profiler-bucket-allocator-block-size=33554432"
    "memorysetup-profiler-bucket-allocator-block-count=8"
    "memorysetup-profiler-allocator-block-size=16777216"
    "memorysetup-profiler-editor-allocator-block-size=1048576"
    "memorysetup-temp-allocator-size-main=16777216"
    "memorysetup-job-temp-allocator-block-size=2097152"
    "memorysetup-job-temp-allocator-block-size-background=1048576"
    "memorysetup-job-temp-allocator-reduction-small-platforms=262144"
    "memorysetup-allocator-temp-initial-block-size-main=262144"
    "memorysetup-allocator-temp-initial-block-size-worker=262144"
    "memorysetup-temp-allocator-size-background-worker=32768"
    "memorysetup-temp-allocator-size-job-worker=262144"
    "memorysetup-temp-allocator-size-preload-manager=33554432"
    "memorysetup-temp-allocator-size-nav-mesh-worker=65536"
    "memorysetup-temp-allocator-size-audio-worker=65536"
    "memorysetup-temp-allocator-size-cloud-worker=32768"
    "memorysetup-temp-allocator-size-gi-baking-worker=262144"
    "memorysetup-temp-allocator-size-gfx=262144"
Player connection [20716] Host "[IP] 192.168.1.17 [Port] 0 [Flags] 2 [Guid] 1941142356 [EditorId] 1941142356 [Version] 1048832 [Id] WindowsEditor(7,DESKTOP-SN6K74L) [Debug] 1 [PackageName] WindowsEditor [ProjectName] Editor" joined multi-casting on [225.0.0.222:54997]...

Player connection [20716] Host "[IP] 192.168.1.17 [Port] 0 [Flags] 2 [Guid] 1941142356 [EditorId] 1941142356 [Version] 1048832 [Id] WindowsEditor(7,DESKTOP-SN6K74L) [Debug] 1 [PackageName] WindowsEditor [ProjectName] Editor" joined alternative multi-casting on [225.0.0.222:34997]...

[Physics::Module] Initialized MultithreadedJobDispatcher with 15 workers.
Refreshing native plugins compatible for Editor in 21.84 ms, found 14 plugins.
Preloading 2 native plugins for Editor in 2.48 ms.
Initialize engine version: 2022.3.9f1 (ea401c316338)
[Subsystems] Discovering subsystems at path D:/Program Files/Unity/Hub/Editor/2022.3.9f1/Editor/Data/Resources/UnitySubsystems
[Subsystems] Discovering subsystems at path D:/Github/HAI935I_Vision_Realite_virtuelle_et_augmentee/TP - Unity/TP - AR/Assets
GfxDevice: creating device client; threaded=0; jobified=0
Direct3D:
    Version:  Direct3D 11.0 [level 11.1]
    Renderer: NVIDIA GeForce RTX 2080 SUPER (ID=0x1e81)
    Vendor:   NVIDIA
    VRAM:     8001 MB
    Driver:   31.0.15.3742
Initialize mono
Mono path[0] = 'D:/Program Files/Unity/Hub/Editor/2022.3.9f1/Editor/Data/Managed'
Mono path[1] = 'D:/Program Files/Unity/Hub/Editor/2022.3.9f1/Editor/Data/MonoBleedingEdge/lib/mono/unityjit-win32'
Mono config path = 'D:/Program Files/Unity/Hub/Editor/2022.3.9f1/Editor/Data/MonoBleedingEdge/etc'
Using monoOptions --debugger-agent=transport=dt_socket,embedding=1,server=y,suspend=n,address=127.0.0.1:56356
Begin MonoManager ReloadAssembly
Registering precompiled unity dll's ...
Register platform support module: D:/Program Files/Unity/Hub/Editor/2022.3.9f1/Editor/Data/PlaybackEngines/WebGLSupport/UnityEditor.WebGL.Extensions.dll
Register platform support module: D:/Program Files/Unity/Hub/Editor/2022.3.9f1/Editor/Data/PlaybackEngines/WindowsStandaloneSupport/UnityEditor.WindowsStandalone.Extensions.dll
Registered in 0.005114 seconds.
- Loaded All Assemblies, in  0.368 seconds
Native extension for WindowsStandalone target not found
Native extension for WebGL target not found
Mono: successfully reloaded assembly
- Finished resetting the current domain, in  0.261 seconds
Domain Reload Profiling: 630ms
	BeginReloadAssembly (101ms)
		ExecutionOrderSort (0ms)
		DisableScriptedObjects (0ms)
		BackupInstance (0ms)
		ReleaseScriptingObjects (0ms)
		CreateAndSetChildDomain (1ms)
	RebuildCommonClasses (38ms)
	RebuildNativeTypeToScriptingClass (10ms)
	initialDomainReloadingComplete (53ms)
	LoadAllAssembliesAndSetupDomain (167ms)
		LoadAssemblies (100ms)
		RebuildTransferFunctionScriptingTraits (0ms)
		AnalyzeDomain (164ms)
			TypeCache.Refresh (162ms)
				TypeCache.ScanAssembly (145ms)
			ScanForSourceGeneratedMonoScriptInfo (1ms)
			ResolveRequiredComponents (1ms)
	FinalizeReload (262ms)
		ReleaseScriptCaches (0ms)
		RebuildScriptCaches (0ms)
		SetupLoadedEditorAssemblies (201ms)
			LogAssemblyErrors (0ms)
			InitializePlatformSupportModulesInManaged (9ms)
			SetLoadedEditorAssemblies (5ms)
			RefreshPlugins (0ms)
			BeforeProcessingInitializeOnLoad (2ms)
			ProcessInitializeOnLoadAttributes (136ms)
			ProcessInitializeOnLoadMethodAttributes (48ms)
			AfterProcessingInitializeOnLoad (0ms)
			EditorAssembliesLoaded (0ms)
		ExecutionOrderSort2 (0ms)
		AwakeInstancesAfterBackupRestoration (0ms)
========================================================================
Worker process is ready to serve import requests
Begin MonoManager ReloadAssembly
- Loaded All Assemblies, in  0.791 seconds
Refreshing native plugins compatible for Editor in 13.90 ms, found 14 plugins.
Native extension for WindowsStandalone target not found
Native extension for WebGL target not found
Package Manager log level set to [2]
[Package Manager] Server::EnsureServerProcessIsRunning -- launch failed, reason: Unity was launched with the -noUpm command-line argument
[Package Manager] UpmClient::Send -- Unable to send message (not connected to UPM process).
[Package Manager] Cannot connect to Unity Package Manager local server
[Package Manager] Server::EnsureServerProcessIsRunning -- launch failed, reason: Unity was launched with the -noUpm command-line argument
[Package Manager] UpmClient::Send -- Unable to send message (not connected to UPM process).
[Package Manager] Cannot connect to Unity Package Manager local server
Mono: successfully reloaded assembly
[Package Manager] Server::EnsureServerProcessIsRunning -- launch failed, reason: Unity was launched with the -noUpm command-line argument
[Package Manager] UpmClient::Send -- Unable to send message (not connected to UPM process).
[Package Manager] Cannot connect to Unity Package Manager local server
[Package Manager] Server::EnsureServerProcessIsRunning -- launch failed, reason: Unity was launched with the -noUpm command-line argument
[Package Manager] UpmClient::Send -- Unable to send message (not connected to UPM process).
[Package Manager] Cannot connect to Unity Package Manager local server
- Finished resetting the current domain, in  2.192 seconds
Domain Reload Profiling: 2982ms
	BeginReloadAssembly (168ms)
		ExecutionOrderSort (0ms)
		DisableScriptedObjects (6ms)
		BackupInstance (0ms)
		ReleaseScriptingObjects (0ms)
		CreateAndSetChildDomain (31ms)
	RebuildCommonClasses (38ms)
	RebuildNativeTypeToScriptingClass (13ms)
	initialDomainReloadingComplete (31ms)
	LoadAllAssembliesAndSetupDomain (539ms)
		LoadAssemblies (353ms)
		RebuildTransferFunctionScriptingTraits (0ms)
		AnalyzeDomain (277ms)
			TypeCache.Refresh (230ms)
				TypeCache.ScanAssembly (206ms)
			ScanForSourceGeneratedMonoScriptInfo (30ms)
			ResolveRequiredComponents (14ms)
	FinalizeReload (2192ms)
		ReleaseScriptCaches (0ms)
		RebuildScriptCaches (0ms)
		SetupLoadedEditorAssemblies (1981ms)
			LogAssemblyErrors (0ms)
			InitializePlatformSupportModulesInManaged (6ms)
			SetLoadedEditorAssemblies (4ms)
			RefreshPlugins (0ms)
			BeforeProcessingInitializeOnLoad (77ms)
			ProcessInitializeOnLoadAttributes (547ms)
			ProcessInitializeOnLoadMethodAttributes (1344ms)
			AfterProcessingInitializeOnLoad (3ms)
			EditorAssembliesLoaded (0ms)
		ExecutionOrderSort2 (0ms)
		AwakeInstancesAfterBackupRestoration (6ms)
Launched and connected shader compiler UnityShaderCompiler.exe after 0.04 seconds
Refreshing native plugins compatible for Editor in 17.15 ms, found 14 plugins.
Preloading 2 native plugins for Editor in 0.06 ms.
Unloading 6325 Unused Serialized files (Serialized files now loaded: 0)
Unloading 258 unused Assets / (2.9 MB). Loaded Objects now: 6945.
Memory consumption went from 239.9 MB to 237.0 MB.
Total: 11.849400 ms (FindLiveObjects: 0.991700 ms CreateObjectMapping: 1.308500 ms MarkObjects: 7.783800 ms  DeleteObjects: 1.764300 ms)

AssetImportParameters requested are different than current active one (requested -> active):
  custom:container-demuxer-ogg: 62fdf1f143b41e24485cea50d1cbac27 -> 
  custom:video-decoder-ogg-theora: a1e56fd34408186e4bbccfd4996cb3dc -> 
  custom:framework-win-MediaFoundation: 216162199b28c13a410421893ffa2e32 -> 
  custom:CustomObjectIndexerAttribute: a3ef5dd2817f97addfee359851a9dba5 -> 
  custom:container-demuxer-webm: 4f35f7cbe854078d1ac9338744f61a02 -> 
  custom:container-muxer-webm: aa71ff27fc2769a1b78a27578f13a17b -> 
  custom:video-decoder-webm-vp8: 9c59270c3fd7afecdb556c50c9e8de78 -> 
  custom:SearchIndexIgnoredProperties: e643bd26f0fe6173181afceb89e7c659 -> 
  custom:AudioImporter_EditorPlatform: d09bf68614088b80899f8185d706f6e7 -> 
  custom:video-encoder-webm-vp8: eb34c28f22e8b96e1ab97ce403110664 -> 
  custom:audio-decoder-ogg-vorbis: bf7c407c2cedff20999df2af8eb42d56 -> 
  custom:audio-encoder-webm-vorbis: bf7c407c2cedff20999df2af8eb42d56 -> 
========================================================================
Received Import Request.
  Time since last request: 246736.675555 seconds.
  path: Assets/Readme.asset
  artifactKey: Guid(8105016687592461f977c054a80ce2f2) Importer(2089858483,0ecaa5967403d082aa24f35e1b516d23)
Start importing Assets/Readme.asset using Guid(8105016687592461f977c054a80ce2f2) Importer(2089858483,0ecaa5967403d082aa24f35e1b516d23)  -> (artifact id: '37ca547ab5ce8ff86e22b6657581c447') in 0.191237 seconds
Number of updated asset objects reloaded before import = 0
Number of asset objects unloaded after import = 2
========================================================================
Received Import Request.
  Time since last request: 0.000020 seconds.
  path: Assets/Settings/URP-Performant-Renderer.asset
  artifactKey: Guid(707360a9c581a4bd7aa53bfeb1429f71) Importer(2089858483,0ecaa5967403d082aa24f35e1b516d23)
Start importing Assets/Settings/URP-Performant-Renderer.asset using Guid(707360a9c581a4bd7aa53bfeb1429f71) Importer(2089858483,0ecaa5967403d082aa24f35e1b516d23)  -> (artifact id: 'ae7679f8fd4121fa300cb0b2f019dbca') in 0.043484 seconds
Number of updated asset objects reloaded before import = 0
Number of asset objects unloaded after import = 47
========================================================================
Received Import Request.
  Time since last request: 0.000023 seconds.
  path: Assets/Common/Icons/Android/Icon-48.png
  artifactKey: Guid(6fae8ff752f494bacb3c562bed7dea2d) Importer(2089858483,0ecaa5967403d082aa24f35e1b516d23)
Start importing Assets/Common/Icons/Android/Icon-48.png using Guid(6fae8ff752f494bacb3c562bed7dea2d) Importer(2089858483,0ecaa5967403d082aa24f35e1b516d23)  -> (artifact id: 'b5fe930d34a3e46e1725ccb69de97375') in 0.066167 seconds
Number of updated asset objects reloaded before import = 0
Number of asset objects unloaded after import = 3
========================================================================
Received Import Request.
  Time since last request: 0.000017 seconds.
  path: Assets/StreamingAssets/Vuforia/dbAR23-24.dat
  artifactKey: Guid(8ee99a7f060549a1a166420f47391486) Importer(2089858483,0ecaa5967403d082aa24f35e1b516d23)
Start importing Assets/StreamingAssets/Vuforia/dbAR23-24.dat using Guid(8ee99a7f060549a1a166420f47391486) Importer(2089858483,0ecaa5967403d082aa24f35e1b516d23)  -> (artifact id: 'ec36b505a76ea30cfa5cdd465398ef88') in 0.010063 seconds
Number of updated asset objects reloaded before import = 0
Number of asset objects unloaded after import = 1
========================================================================
Received Import Request.
  Time since last request: 0.000015 seconds.
  path: Assets/Common/Icons/iOS/Icon-87.png
  artifactKey: Guid(dd034f60ad00b407089fd2248eb2bae0) Importer(2089858483,0ecaa5967403d082aa24f35e1b516d23)
Start importing Assets/Common/Icons/iOS/Icon-87.png using Guid(dd034f60ad00b407089fd2248eb2bae0) Importer(2089858483,0ecaa5967403d082aa24f35e1b516d23)  -> (artifact id: 'f0912245ab1f41ee07d105d74307c91c') in 0.025780 seconds
Number of updated asset objects reloaded before import = 0
Number of asset objects unloaded after import = 3
========================================================================
Received Import Request.
  Time since last request: 0.000020 seconds.
  path: Assets/Scenes/Webcam.unity
  artifactKey: Guid(99c9720ab356a0642a771bea13969a05) Importer(2089858483,0ecaa5967403d082aa24f35e1b516d23)
Start importing Assets/Scenes/Webcam.unity using Guid(99c9720ab356a0642a771bea13969a05) Importer(2089858483,0ecaa5967403d082aa24f35e1b516d23)  -> (artifact id: 'f871d5b913a28f357021e0c10d442011') in 0.009679 seconds
Number of updated asset objects reloaded before import = 0
Number of asset objects unloaded after import = 1
========================================================================
Received Import Request.
  Time since last request: 0.000026 seconds.
  path: Assets/Common/Icons/Android/Icon-96.png
  artifactKey: Guid(827b731c62d8d42c093899fa44179bb2) Importer(2089858483,0ecaa5967403d082aa24f35e1b516d23)
Start importing Assets/Common/Icons/Android/Icon-96.png using Guid(827b731c62d8d42c093899fa44179bb2) Importer(2089858483,0ecaa5967403d082aa24f35e1b516d23)  -> (artifact id: '52c1bf86a4df9afa8871845d34df86ef') in 0.024163 seconds
Number of updated asset objects reloaded before import = 0
Number of asset objects unloaded after import = 3
========================================================================
Received Import Request.
  Time since last request: 0.000012 seconds.
  path: Assets/Common/Icons/iOS/Icon-180.png
  artifactKey: Guid(73c9e6fc8fd374b119e143a8bc52bf28) Importer(2089858483,0ecaa5967403d082aa24f35e1b516d23)
Start importing Assets/Common/Icons/iOS/Icon-180.png using Guid(73c9e6fc8fd374b119e143a8bc52bf28) Importer(2089858483,0ecaa5967403d082aa24f35e1b516d23)  -> (artifact id: '56111056618b79c821eee3b2868da073') in 0.035686 seconds
Number of updated asset objects reloaded before import = 0
Number of asset objects unloaded after import = 3
========================================================================
Received Import Request.
  Time since last request: 0.000019 seconds.
  path: Assets/Settings/SampleSceneProfile.asset
  artifactKey: Guid(a6560a915ef98420e9faacc1c7438823) Importer(2089858483,0ecaa5967403d082aa24f35e1b516d23)
Start importing Assets/Settings/SampleSceneProfile.asset using Guid(a6560a915ef98420e9faacc1c7438823) Importer(2089858483,0ecaa5967403d082aa24f35e1b516d23)  -> (artifact id: '65befbf14fb653c5887ddc7d1b09fda0') in 0.023309 seconds
Number of updated asset objects reloaded before import = 0
Number of asset objects unloaded after import = 4
========================================================================
Received Import Request.
  Time since last request: 0.000020 seconds.
  path: Assets/Common/Icons/iOS/Icon-196.png
  artifactKey: Guid(38c9f8f898d5a461397639d3a61e1428) Importer(2089858483,0ecaa5967403d082aa24f35e1b516d23)
Start importing Assets/Common/Icons/iOS/Icon-196.png using Guid(38c9f8f898d5a461397639d3a61e1428) Importer(2089858483,0ecaa5967403d082aa24f35e1b516d23)  -> (artifact id: '7ff4789cd14c67af2bf6ff112c6c1765') in 0.024479 seconds
Number of updated asset objects reloaded before import = 0
Number of asset objects unloaded after import = 3
========================================================================
Received Import Request.
  Time since last request: 0.000013 seconds.
  path: Assets/Common/Icons/UWP/Square44x44Logo.scale-150.png
  artifactKey: Guid(091fffac4daad0343911afcbf36384d2) Importer(2089858483,0ecaa5967403d082aa24f35e1b516d23)
Start importing Assets/Common/Icons/UWP/Square44x44Logo.scale-150.png using Guid(091fffac4daad0343911afcbf36384d2) Importer(2089858483,0ecaa5967403d082aa24f35e1b516d23)  -> (artifact id: '01d577ad67701f998e15c05774576dd1') in 0.021742 seconds
Number of updated asset objects reloaded before import = 0
Number of asset objects unloaded after import = 1
========================================================================
Received Import Request.
  Time since last request: 0.000014 seconds.
  path: Assets/Common/Icons/UWP/Square44x44Logo.targetsize-32_altform-unplated.png
  artifactKey: Guid(0111c6de67d88a54a8efc64cefb31d39) Importer(2089858483,0ecaa5967403d082aa24f35e1b516d23)
Start importing Assets/Common/Icons/UWP/Square44x44Logo.targetsize-32_altform-unplated.png using Guid(0111c6de67d88a54a8efc64cefb31d39) Importer(2089858483,0ecaa5967403d082aa24f35e1b516d23)  -> (artifact id: '2b4197bc6534efbcf676c152b6924fdf') in 0.022430 seconds
Number of updated asset objects reloaded before import = 0
Number of asset objects unloaded after import = 1
========================================================================
Received Import Request.
  Time since last request: 0.000018 seconds.
  path: Assets/Common/Icons/UWP/SmallTile.scale-125.png
  artifactKey: Guid(74d8c75cf87c180459b9d7f0ba4ff263) Importer(2089858483,0ecaa5967403d082aa24f35e1b516d23)
Start importing Assets/Common/Icons/UWP/SmallTile.scale-125.png using Guid(74d8c75cf87c180459b9d7f0ba4ff263) Importer(2089858483,0ecaa5967403d082aa24f35e1b516d23)  -> (artifact id: 'e9abb106f12ebf15b1b190f094a0c8b4') in 0.035125 seconds
Number of updated asset objects reloaded before import = 0
Number of asset objects unloaded after import = 1
========================================================================
Received Import Request.
  Time since last request: 0.000012 seconds.
  path: Assets/Common/Icons/UWP/Square44x44Logo.scale-125.png
  artifactKey: Guid(80c6bdebc69e9c44c829e3bca05b8c70) Importer(2089858483,0ecaa5967403d082aa24f35e1b516d23)
Start importing Assets/Common/Icons/UWP/Square44x44Logo.scale-125.png using Guid(80c6bdebc69e9c44c829e3bca05b8c70) Importer(2089858483,0ecaa5967403d082aa24f35e1b516d23)  -> (artifact id: '31f9f991b097dc45bdc9cad4af4b025d') in 0.020343 seconds
Number of updated asset objects reloaded before import = 0
Number of asset objects unloaded after import = 1
========================================================================
Received Import Request.
  Time since last request: 0.000015 seconds.
  path: Assets/Common/Icons/Android/Icon-36.png
  artifactKey: Guid(98e9bf2eec31e492d858fd08e8223ca4) Importer(2089858483,0ecaa5967403d082aa24f35e1b516d23)
Start importing Assets/Common/Icons/Android/Icon-36.png using Guid(98e9bf2eec31e492d858fd08e8223ca4) Importer(2089858483,0ecaa5967403d082aa24f35e1b516d23)  -> (artifact id: '7e4b3a89d1fe8da9f07e9bfad8100d50') in 0.023091 seconds
Number of updated asset objects reloaded before import = 0
Number of asset objects unloaded after import = 3
========================================================================
Received Import Request.
  Time since last request: 0.000016 seconds.
  path: Assets/Common/Icons/UWP/Square44x44Logo.targetsize-16.png
  artifactKey: Guid(252aa525693f1c64382ad3f55d1adb50) Importer(2089858483,0ecaa5967403d082aa24f35e1b516d23)
Start importing Assets/Common/Icons/UWP/Square44x44Logo.targetsize-16.png using Guid(252aa525693f1c64382ad3f55d1adb50) Importer(2089858483,0ecaa5967403d082aa24f35e1b516d23)  -> (artifact id: '3bee1033018228e79695a8b091811f43') in 0.032325 seconds
Number of updated asset objects reloaded before import = 0
Number of asset objects unloaded after import = 1
========================================================================
Received Import Request.
  Time since last request: 0.000023 seconds.
  path: Assets/Scenes/Mobile.unity
  artifactKey: Guid(6eae3728a392e0241bb5be426e800ac9) Importer(2089858483,0ecaa5967403d082aa24f35e1b516d23)
Start importing Assets/Scenes/Mobile.unity using Guid(6eae3728a392e0241bb5be426e800ac9) Importer(2089858483,0ecaa5967403d082aa24f35e1b516d23)  -> (artifact id: 'f07069b717080e0182dfa50c6a340162') in 0.010598 seconds
Number of updated asset objects reloaded before import = 0
Number of asset objects unloaded after import = 1
========================================================================
Received Import Request.
  Time since last request: 0.000017 seconds.
  path: Assets/Common/Icons/iOS/Icon-40.png
  artifactKey: Guid(b3252f95d1a3a4cd58871ff4716e5d8b) Importer(2089858483,0ecaa5967403d082aa24f35e1b516d23)
Start importing Assets/Common/Icons/iOS/Icon-40.png using Guid(b3252f95d1a3a4cd58871ff4716e5d8b) Importer(2089858483,0ecaa5967403d082aa24f35e1b516d23)  -> (artifact id: 'b99eed22aa4a9a09df09413a4c8ae12b') in 0.022074 seconds
Number of updated asset objects reloaded before import = 0
Number of asset objects unloaded after import = 3
========================================================================
Received Import Request.
  Time since last request: 0.000029 seconds.
  path: Assets/Common/Icons/UWP/Square44x44Logo.targetsize-256_altform-unplated.png
  artifactKey: Guid(27bfa139300791e4aa9cdd8d234ff34c) Importer(2089858483,0ecaa5967403d082aa24f35e1b516d23)
Start importing Assets/Common/Icons/UWP/Square44x44Logo.targetsize-256_altform-unplated.png using Guid(27bfa139300791e4aa9cdd8d234ff34c) Importer(2089858483,0ecaa5967403d082aa24f35e1b516d23)  -> (artifact id: '01bac7807ba55a363a12b9095dbd64c9') in 0.022082 seconds
Number of updated asset objects reloaded before import = 0
Number of asset objects unloaded after import = 1
========================================================================
Received Import Request.
  Time since last request: 0.000014 seconds.
  path: Assets/Common/Icons/UWP/Square150x150Logo.scale-125.png
  artifactKey: Guid(ab4a3d6b552794745ad6d98f0f0c0033) Importer(2089858483,0ecaa5967403d082aa24f35e1b516d23)
Start importing Assets/Common/Icons/UWP/Square150x150Logo.scale-125.png using Guid(ab4a3d6b552794745ad6d98f0f0c0033) Importer(2089858483,0ecaa5967403d082aa24f35e1b516d23)  -> (artifact id: '32b369349a1cab9616ebbf6c894a859f') in 0.020506 seconds
Number of updated asset objects reloaded before import = 0
Number of asset objects unloaded after import = 1
========================================================================
Received Import Request.
  Time since last request: 0.000013 seconds.
  path: Assets/Common/Icons/UWP/Wide310x150Logo.scale-400.png
  artifactKey: Guid(ce3b068c63fb047449250bb59bb1c401) Importer(2089858483,0ecaa5967403d082aa24f35e1b516d23)
Start importing Assets/Common/Icons/UWP/Wide310x150Logo.scale-400.png using Guid(ce3b068c63fb047449250bb59bb1c401) Importer(2089858483,0ecaa5967403d082aa24f35e1b516d23)  -> (artifact id: '41491ac0b713cde94844b049e7dfb38f') in 0.030478 seconds
Number of updated asset objects reloaded before import = 0
Number of asset objects unloaded after import = 1
========================================================================
Received Import Request.
  Time since last request: 0.000013 seconds.
  path: Assets/Common/Icons/iOS/Icon-172.png
  artifactKey: Guid(9caa22d79a15a41e8affca63c0536a07) Importer(2089858483,0ecaa5967403d082aa24f35e1b516d23)
Start importing Assets/Common/Icons/iOS/Icon-172.png using Guid(9caa22d79a15a41e8affca63c0536a07) Importer(2089858483,0ecaa5967403d082aa24f35e1b516d23)  -> (artifact id: 'e7bddabe0d5e468d3ab9d60551a048ef') in 0.025073 seconds
Number of updated asset objects reloaded before import = 0
Number of asset objects unloaded after import = 3
========================================================================
Received Import Request.
  Time since last request: 0.000018 seconds.
  path: Assets/Common/Icons/UWP/StoreLogo.scale-400.png
  artifactKey: Guid(4f570e58f5db8b54aaef3d6295101b95) Importer(2089858483,0ecaa5967403d082aa24f35e1b516d23)
Start importing Assets/Common/Icons/UWP/StoreLogo.scale-400.png using Guid(4f570e58f5db8b54aaef3d6295101b95) Importer(2089858483,0ecaa5967403d082aa24f35e1b516d23)  -> (artifact id: '1072278e75746ab10e25ba5dcb7c4fd8') in 0.021906 seconds
Number of updated asset objects reloaded before import = 0
Number of asset objects unloaded after import = 1
========================================================================
Received Import Request.
  Time since last request: 0.000013 seconds.
  path: Assets/XR/UserSimulationSettings/Resources/XRSimulationPreferences.asset
  artifactKey: Guid(b58fa715f05bcc54d96dada589929f58) Importer(2089858483,0ecaa5967403d082aa24f35e1b516d23)
Start importing Assets/XR/UserSimulationSettings/Resources/XRSimulationPreferences.asset using Guid(b58fa715f05bcc54d96dada589929f58) Importer(2089858483,0ecaa5967403d082aa24f35e1b516d23)  -> (artifact id: '5b90a171cfbaa5713da068235424930a') in 0.017833 seconds
Number of updated asset objects reloaded before import = 0
Number of asset objects unloaded after import = 36
========================================================================
Received Import Request.
  Time since last request: 0.000016 seconds.
  path: Assets/XR/Loaders/ARCoreLoader.asset
  artifactKey: Guid(0b70631ca4b081c4cb5777c0c13e49d1) Importer(2089858483,0ecaa5967403d082aa24f35e1b516d23)
Start importing Assets/XR/Loaders/ARCoreLoader.asset using Guid(0b70631ca4b081c4cb5777c0c13e49d1) Importer(2089858483,0ecaa5967403d082aa24f35e1b516d23)  -> (artifact id: '1a765a3902e0e483f66683391b71aa19') in 0.012027 seconds
Number of updated asset objects reloaded before import = 0
Number of asset objects unloaded after import = 1
========================================================================
Received Import Request.
  Time since last request: 0.000026 seconds.
  path: Assets/Common/Icons/iOS/Icon-72.png
  artifactKey: Guid(a60549db96b2842fe9035b4880bfa6bb) Importer(2089858483,0ecaa5967403d082aa24f35e1b516d23)
Start importing Assets/Common/Icons/iOS/Icon-72.png using Guid(a60549db96b2842fe9035b4880bfa6bb) Importer(2089858483,0ecaa5967403d082aa24f35e1b516d23)  -> (artifact id: '176c3fd0a77556c93b4d05fae09a86f3') in 0.035309 seconds
Number of updated asset objects reloaded before import = 0
Number of asset objects unloaded after import = 3
========================================================================
Received Import Request.
  Time since last request: 0.000014 seconds.
  path: Assets/XR/Resources/XRSimulationRuntimeSettings.asset
  artifactKey: Guid(ec38dd99e73494341bb1dcca90417543) Importer(2089858483,0ecaa5967403d082aa24f35e1b516d23)
Start importing Assets/XR/Resources/XRSimulationRuntimeSettings.asset using Guid(ec38dd99e73494341bb1dcca90417543) Importer(2089858483,0ecaa5967403d082aa24f35e1b516d23)  -> (artifact id: 'e71005d358251982b60db9e60348df0b') in 0.015767 seconds
Number of updated asset objects reloaded before import = 0
Number of asset objects unloaded after import = 1
========================================================================
Received Import Request.
  Time since last request: 0.000034 seconds.
  path: Assets/Common/Icons/Android/AdaptiveIcons/ForeGround_x108.png
  artifactKey: Guid(71bdaccaa006c43bf9b5eaa2ef7bad56) Importer(2089858483,0ecaa5967403d082aa24f35e1b516d23)
Start importing Assets/Common/Icons/Android/AdaptiveIcons/ForeGround_x108.png using Guid(71bdaccaa006c43bf9b5eaa2ef7bad56) Importer(2089858483,0ecaa5967403d082aa24f35e1b516d23)  -> (artifact id: '9a78b84975822e29583838be006b0019') in 0.022030 seconds
Number of updated asset objects reloaded before import = 0
Number of asset objects unloaded after import = 3
========================================================================
Received Import Request.
  Time since last request: 0.000015 seconds.
  path: Assets/Common/Icons/Android/AdaptiveIcons/BackGround_x162.png
  artifactKey: Guid(96655ac7a5e9f46d0af3ba32b5ce1d2c) Importer(2089858483,0ecaa5967403d082aa24f35e1b516d23)
Start importing Assets/Common/Icons/Android/AdaptiveIcons/BackGround_x162.png using Guid(96655ac7a5e9f46d0af3ba32b5ce1d2c) Importer(2089858483,0ecaa5967403d082aa24f35e1b516d23)  -> (artifact id: 'ef119cda107dc8c144209703f02c103f') in 0.021464 seconds
Number of updated asset objects reloaded before import = 0
Number of asset objects unloaded after import = 3
========================================================================
Received Import Request.
  Time since last request: 0.000017 seconds.
  path: Assets/Editor/Vuforia/ImageTargetTextures/dbAR23-24/grayscale_scaled.jpg
  artifactKey: Guid(0b3758e4f33c4953ac65a9599ea5b3c3) Importer(2089858483,0ecaa5967403d082aa24f35e1b516d23)
Start importing Assets/Editor/Vuforia/ImageTargetTextures/dbAR23-24/grayscale_scaled.jpg using Guid(0b3758e4f33c4953ac65a9599ea5b3c3) Importer(2089858483,0ecaa5967403d082aa24f35e1b516d23)  -> (artifact id: 'a055b19009e6858e1bda3a733c138519') in 0.039585 seconds
Number of updated asset objects reloaded before import = 0
Number of asset objects unloaded after import = 1
========================================================================
Received Import Request.
  Time since last request: 0.000020 seconds.
  path: Assets/Common/Icons/Android/AdaptiveIcons/BackGround_x324.png
  artifactKey: Guid(2c78137d6929a46249f124bad6c3c8a8) Importer(2089858483,0ecaa5967403d082aa24f35e1b516d23)
Start importing Assets/Common/Icons/Android/AdaptiveIcons/BackGround_x324.png using Guid(2c78137d6929a46249f124bad6c3c8a8) Importer(2089858483,0ecaa5967403d082aa24f35e1b516d23)  -> (artifact id: '145b4cd4055ab73ccdba7bca05268824') in 0.023783 seconds
Number of updated asset objects reloaded before import = 0
Number of asset objects unloaded after import = 3
========================================================================
Received Import Request.
  Time since last request: 0.000019 seconds.
  path: Assets/TutorialInfo/Scripts/Readme.cs
  artifactKey: Guid(fcf7219bab7fe46a1ad266029b2fee19) Importer(2089858483,0ecaa5967403d082aa24f35e1b516d23)
Start importing Assets/TutorialInfo/Scripts/Readme.cs using Guid(fcf7219bab7fe46a1ad266029b2fee19) Importer(2089858483,0ecaa5967403d082aa24f35e1b516d23)  -> (artifact id: 'fa3ca4de19398c781b258183e17e9f88') in 0.009924 seconds
Number of updated asset objects reloaded before import = 0
Number of asset objects unloaded after import = 1
========================================================================
Received Import Request.
  Time since last request: 0.000015 seconds.
  path: Assets/Common/Icons/iOS/Icon-144.png
  artifactKey: Guid(fe2bd0f39a09244c993553fc1df45073) Importer(2089858483,0ecaa5967403d082aa24f35e1b516d23)
Start importing Assets/Common/Icons/iOS/Icon-144.png using Guid(fe2bd0f39a09244c993553fc1df45073) Importer(2089858483,0ecaa5967403d082aa24f35e1b516d23)  -> (artifact id: 'ec9fa79414bee837324005b97aa9d968') in 0.025989 seconds
Number of updated asset objects reloaded before import = 0
Number of asset objects unloaded after import = 3
========================================================================
Received Import Request.
  Time since last request: 0.000025 seconds.
  path: Assets/Common/Icons/UWP/LargeTile.scale-400.png
  artifactKey: Guid(6400f3e497c2f9b4ab56e9855ba71c97) Importer(2089858483,0ecaa5967403d082aa24f35e1b516d23)
Start importing Assets/Common/Icons/UWP/LargeTile.scale-400.png using Guid(6400f3e497c2f9b4ab56e9855ba71c97) Importer(2089858483,0ecaa5967403d082aa24f35e1b516d23)  -> (artifact id: '95c6112b9c35a48533c08b7f881b70fb') in 0.029766 seconds
Number of updated asset objects reloaded before import = 0
Number of asset objects unloaded after import = 1
========================================================================
Received Import Request.
  Time since last request: 0.000013 seconds.
  path: Assets/Common/Icons/UWP/StoreLogo.scale-100.png
  artifactKey: Guid(77c4df45ae4112944a3783b9018d8003) Importer(2089858483,0ecaa5967403d082aa24f35e1b516d23)
Start importing Assets/Common/Icons/UWP/StoreLogo.scale-100.png using Guid(77c4df45ae4112944a3783b9018d8003) Importer(2089858483,0ecaa5967403d082aa24f35e1b516d23)  -> (artifact id: '31f011c07cc897233518401131f6b068') in 0.022590 seconds
Number of updated asset objects reloaded before import = 0
Number of asset objects unloaded after import = 1
========================================================================
Received Import Request.
  Time since last request: 0.000019 seconds.
  path: Assets/Common/Icons/iOS/Icon-152.png
  artifactKey: Guid(6cb233dc65f0b459daf2ad80d17034da) Importer(2089858483,0ecaa5967403d082aa24f35e1b516d23)
Start importing Assets/Common/Icons/iOS/Icon-152.png using Guid(6cb233dc65f0b459daf2ad80d17034da) Importer(2089858483,0ecaa5967403d082aa24f35e1b516d23)  -> (artifact id: 'c31b4265677b03250172e7f4b5e6ec17') in 0.021513 seconds
Number of updated asset objects reloaded before import = 0
Number of asset objects unloaded after import = 3
========================================================================
Received Import Request.
  Time since last request: 0.000015 seconds.
  path: Assets/XR/Settings/ARCoreSettings.asset
  artifactKey: Guid(095ffbd78b1b5634e8370c7db2d25f80) Importer(2089858483,0ecaa5967403d082aa24f35e1b516d23)
Start importing Assets/XR/Settings/ARCoreSettings.asset using Guid(095ffbd78b1b5634e8370c7db2d25f80) Importer(2089858483,0ecaa5967403d082aa24f35e1b516d23)  -> (artifact id: 'e2cd96328fc89409f704aa16a13870fa') in 0.011032 seconds
Number of updated asset objects reloaded before import = 0
Number of asset objects unloaded after import = 1
========================================================================
Received Import Request.
  Time since last request: 0.000012 seconds.
  path: Assets/Common/Icons/UWP/SplashScreen.scale-200.png
  artifactKey: Guid(8e614c22e974d9f429f920990d61ef52) Importer(2089858483,0ecaa5967403d082aa24f35e1b516d23)
Start importing Assets/Common/Icons/UWP/SplashScreen.scale-200.png using Guid(8e614c22e974d9f429f920990d61ef52) Importer(2089858483,0ecaa5967403d082aa24f35e1b516d23)  -> (artifact id: 'c7b74a3f2dd94aea88cf79884c29b108') in 0.024401 seconds
Number of updated asset objects reloaded before import = 0
Number of asset objects unloaded after import = 3
========================================================================
Received Import Request.
  Time since last request: 0.000013 seconds.
  path: Assets/Common/Icons/iOS/Icon-128.png
  artifactKey: Guid(6278ff11915714cf4a571a49bbc59f8e) Importer(2089858483,0ecaa5967403d082aa24f35e1b516d23)
Start importing Assets/Common/Icons/iOS/Icon-128.png using Guid(6278ff11915714cf4a571a49bbc59f8e) Importer(2089858483,0ecaa5967403d082aa24f35e1b516d23)  -> (artifact id: '5b568d9999e67b9a0227ee2f282c47af') in 0.031453 seconds
Number of updated asset objects reloaded before import = 0
Number of asset objects unloaded after import = 3
========================================================================
Received Import Request.
  Time since last request: 0.000015 seconds.
  path: Assets/Common/Icons/UWP/StoreLogo.scale-125.png
  artifactKey: Guid(7b864b76c36e32049bef916c10669b74) Importer(2089858483,0ecaa5967403d082aa24f35e1b516d23)
Start importing Assets/Common/Icons/UWP/StoreLogo.scale-125.png using Guid(7b864b76c36e32049bef916c10669b74) Importer(2089858483,0ecaa5967403d082aa24f35e1b516d23)  -> (artifact id: 'ad565fd7f3e2c52d39d366ea08e3d76f') in 0.022472 seconds
Number of updated asset objects reloaded before import = 0
Number of asset objects unloaded after import = 1
========================================================================
Received Import Request.
  Time since last request: 0.000014 seconds.
  path: Assets/Common/Icons/Android/AdaptiveIcons/BackGround_x216.png
  artifactKey: Guid(ad05b3745e8844194bae1994e47cd9b3) Importer(2089858483,0ecaa5967403d082aa24f35e1b516d23)
Start importing Assets/Common/Icons/Android/AdaptiveIcons/BackGround_x216.png using Guid(ad05b3745e8844194bae1994e47cd9b3) Importer(2089858483,0ecaa5967403d082aa24f35e1b516d23)  -> (artifact id: '06c7fcba71580e616228a1ddfcedf981') in 0.021488 seconds
Number of updated asset objects reloaded before import = 0
Number of asset objects unloaded after import = 3
========================================================================
Received Import Request.
  Time since last request: 0.000028 seconds.
  path: Assets/Common/Icons/Android/Icon-512.png
  artifactKey: Guid(8d26e2b0041c2447d9888ac10b3aaf03) Importer(2089858483,0ecaa5967403d082aa24f35e1b516d23)
Start importing Assets/Common/Icons/Android/Icon-512.png using Guid(8d26e2b0041c2447d9888ac10b3aaf03) Importer(2089858483,0ecaa5967403d082aa24f35e1b516d23)  -> (artifact id: '9798f37fc184238f040824b6fa541705') in 0.031203 seconds
Number of updated asset objects reloaded before import = 0
Number of asset objects unloaded after import = 3
========================================================================
Received Import Request.
  Time since last request: 44.225214 seconds.
  path: Assets/XR/XRGeneralSettingsPerBuildTarget.asset
  artifactKey: Guid(28f07ac8b9672014d8dd1f58f9e44de2) Importer(2089858483,0ecaa5967403d082aa24f35e1b516d23)
Start importing Assets/XR/XRGeneralSettingsPerBuildTarget.asset using Guid(28f07ac8b9672014d8dd1f58f9e44de2) Importer(2089858483,0ecaa5967403d082aa24f35e1b516d23)  -> (artifact id: '5a65a6c428d13474e3d9f73007d05105') in 0.017916 seconds
Number of updated asset objects reloaded before import = 0
Number of asset objects unloaded after import = 5
